<?xml version="1.0" encoding="UTF-8"?>
<!-- Generated by org.testng.reporters.JUnitXMLReporter -->
<testsuite ignored="0" hostname="DESKTOP-38VUNE4" failures="0" tests="3" name="Default test" time="0.214" errors="0" timestamp="2025-05-20T11:59:41 PDT">
  <testcase classname="Tests.HomepageTest" name="tc001_verifyfindyourcourse" time="0.027"/>
  <testcase classname="Tests.HomepageTest" name="tc001_verifyregisternow" time="0.004"/>
  <testcase classname="Tests.HomepageTest" name="tc001_verifyspywynlogo" time="0.006"/>
</testsuite> <!-- Default test -->
