<?xml version="1.0" encoding="UTF-8"?>
<testng-results ignored="0" total="3" passed="3" failed="0" skipped="0">
  <reporter-output>
  </reporter-output>
  <suite started-at="2025-05-20T11:59:40 PDT" name="Default suite" finished-at="2025-05-20T11:59:40 PDT" duration-ms="214">
    <groups>
    </groups>
    <test started-at="2025-05-20T11:59:40 PDT" name="Default test" finished-at="2025-05-20T11:59:40 PDT" duration-ms="214">
      <class name="Tests.HomepageTest">
        <test-method signature="tc001_verifyfindyourcourse()[pri:0, instance:Tests.HomepageTest@79e2c065]" started-at="2025-05-20T11:59:40 PDT" name="tc001_verifyfindyourcourse" finished-at="2025-05-20T11:59:40 PDT" duration-ms="27" status="PASS">
          <reporter-output>
          </reporter-output>
        </test-method> <!-- tc001_verifyfindyourcourse -->
        <test-method signature="tc001_verifyregisternow()[pri:0, instance:Tests.HomepageTest@79e2c065]" started-at="2025-05-20T11:59:40 PDT" name="tc001_verifyregisternow" finished-at="2025-05-20T11:59:40 PDT" duration-ms="4" status="PASS">
          <reporter-output>
          </reporter-output>
        </test-method> <!-- tc001_verifyregisternow -->
        <test-method signature="tc001_verifyspywynlogo()[pri:0, instance:Tests.HomepageTest@79e2c065]" started-at="2025-05-20T11:59:40 PDT" name="tc001_verifyspywynlogo" finished-at="2025-05-20T11:59:40 PDT" duration-ms="6" status="PASS">
          <reporter-output>
          </reporter-output>
        </test-method> <!-- tc001_verifyspywynlogo -->
      </class> <!-- Tests.HomepageTest -->
    </test> <!-- Default test -->
  </suite> <!-- Default suite -->
</testng-results>
